GROUP,PACKAGE,CLASS,INSTRUCTION_MISSED,INSTRUCTION_COVERED,BRANCH_MISSED,BRANCH_COVERED,LINE_MISSED,LINE_COVERED,COMPLEXITY_MISSED,COMPLEXITY_COVERED,METHOD_MISSED,METHOD_COVERED
Products,ar.edu.um.products.service.impl,ProductServiceImpl,118,0,0,0,24,0,7,0,7,0
Products,ar.edu.um.products.service.impl,DistributorServiceImpl,119,0,0,0,24,0,7,0,7,0
Products,ar.edu.um.products.aop.logging,LoggingAspect,116,0,10,0,27,0,11,0,6,0
Products,ar.edu.um.products.domain,Distributor,87,60,5,7,30,18,17,12,14,9
Products,ar.edu.um.products.domain,Product,64,65,1,7,28,21,15,14,14,11
Products,ar.edu.um.products.domain,Authority,21,14,4,0,6,5,4,4,2,4
Products,ar.edu.um.products.domain,User,70,83,8,0,17,33,14,20,10,20
Products,ar.edu.um.products.domain,Product_,3,0,0,0,1,0,1,0,1,0
Products,ar.edu.um.products.domain,AbstractAuditingEntity_,3,0,0,0,1,0,1,0,1,0
Products,ar.edu.um.products.domain,User_,3,0,0,0,1,0,1,0,1,0
Products,ar.edu.um.products.domain,Distributor_,3,0,0,0,1,0,1,0,1,0
Products,ar.edu.um.products.domain,AbstractAuditingEntity,16,21,0,0,8,9,4,5,4,5
Products,ar.edu.um.products.domain,Authority_,3,0,0,0,1,0,1,0,1,0
Products,ar.edu.um.products.service.dto,DistributorDTO,14,60,1,5,7,20,4,11,3,9
Products,ar.edu.um.products.service.dto,ProductDTO,26,75,1,5,13,26,7,14,6,12
Products,ar.edu.um.products.service.dto,AdminUserDTO,92,95,0,0,31,27,18,11,18,11
Products,ar.edu.um.products.service.dto,UserDTO,23,11,0,0,9,4,6,1,6,1
Products,ar.edu.um.products.service.dto,PasswordChangeDTO,26,0,0,0,12,0,6,0,6,0
Products,ar.edu.um.products,ProductsApp,146,0,10,0,34,0,11,0,6,0
Products,ar.edu.um.products,ApplicationWebXml,15,0,0,0,3,0,2,0,2,0
Products,ar.edu.um.products.security,UserNotActivatedException,9,0,0,0,4,0,2,0,2,0
Products,ar.edu.um.products.security,DomainUserDetailsService,107,0,4,0,23,0,10,0,8,0
Products,ar.edu.um.products.security,SpringSecurityAuditorAware,9,0,0,0,2,0,2,0,2,0
Products,ar.edu.um.products.security,SecurityUtils,11,95,5,11,4,19,5,14,0,11
Products,ar.edu.um.products.service.mapper,DistributorMapperImpl,159,0,24,0,47,0,19,0,7,0
Products,ar.edu.um.products.service.mapper,UserMapper,102,118,12,6,27,33,12,11,6,8
Products,ar.edu.um.products.service.mapper,ProductMapperImpl,203,0,28,0,54,0,20,0,6,0
Products,ar.edu.um.products.web.rest,UserJWTController.JWTToken,13,0,0,0,6,0,3,0,3,0
Products,ar.edu.um.products.web.rest,ProductResource,209,0,14,0,46,0,14,0,7,0
Products,ar.edu.um.products.web.rest,AccountResource,204,0,24,0,55,0,24,0,12,0
Products,ar.edu.um.products.web.rest,DistributorResource,209,0,14,0,46,0,14,0,7,0
Products,ar.edu.um.products.web.rest,PublicUserResource,88,0,2,0,14,0,6,0,5,0
Products,ar.edu.um.products.web.rest,UserResource,269,0,16,0,47,0,16,0,8,0
Products,ar.edu.um.products.web.rest,AccountResource.AccountResourceException,4,0,0,0,2,0,1,0,1,0
Products,ar.edu.um.products.web.rest,UserJWTController,53,0,0,0,13,0,2,0,2,0
Products,ar.edu.um.products.security.jwt,JWTFilter,0,51,0,8,0,14,0,7,0,3
Products,ar.edu.um.products.security.jwt,TokenProvider,10,172,2,4,1,40,2,6,0,5
Products,ar.edu.um.products.security.jwt,JWTConfigurer,18,0,0,0,6,0,2,0,2,0
Products,ar.edu.um.products.service,EmailAlreadyUsedException,4,0,0,0,2,0,1,0,1,0
Products,ar.edu.um.products.service,InvalidPasswordException,4,0,0,0,2,0,1,0,1,0
Products,ar.edu.um.products.service,UsernameAlreadyUsedException,4,0,0,0,2,0,1,0,1,0
Products,ar.edu.um.products.service,UserService,561,0,20,0,161,0,38,0,28,0
Products,ar.edu.um.products.service,MailService,181,0,2,0,42,0,7,0,6,0
Products,ar.edu.um.products.web.rest.errors,ExceptionTranslator,409,0,26,0,91,0,28,0,15,0
Products,ar.edu.um.products.web.rest.errors,ErrorConstants,16,0,0,0,5,0,1,0,1,0
Products,ar.edu.um.products.web.rest.errors,EmailAlreadyUsedException,7,0,0,0,2,0,1,0,1,0
Products,ar.edu.um.products.web.rest.errors,BadRequestAlertException,48,0,0,0,12,0,5,0,5,0
Products,ar.edu.um.products.web.rest.errors,FieldErrorVM,21,0,0,0,8,0,4,0,4,0
Products,ar.edu.um.products.web.rest.errors,LoginAlreadyUsedException,7,0,0,0,2,0,1,0,1,0
Products,ar.edu.um.products.web.rest.errors,InvalidPasswordException,6,0,0,0,2,0,1,0,1,0
Products,ar.edu.um.products.web.rest.vm,KeyAndPasswordVM,17,0,0,0,7,0,5,0,5,0
Products,ar.edu.um.products.web.rest.vm,LoginVM,30,0,0,0,11,0,8,0,8,0
Products,ar.edu.um.products.web.rest.vm,ManagedUserVM,14,0,0,0,6,0,4,0,4,0
Products,ar.edu.um.products.config,JacksonConfiguration,23,0,0,0,6,0,6,0,6,0
Products,ar.edu.um.products.config,LiquibaseConfiguration,95,0,2,0,24,0,3,0,2,0
Products,ar.edu.um.products.config,LoggingConfiguration,53,0,8,0,15,0,5,0,1,0
Products,ar.edu.um.products.config,AsyncConfiguration,50,0,0,0,12,0,3,0,3,0
Products,ar.edu.um.products.config,WebConfigurer,0,101,2,6,0,25,2,6,0,4
Products,ar.edu.um.products.config,SecurityConfiguration,222,0,0,0,54,0,5,0,5,0
Products,ar.edu.um.products.config,LoggingAspectConfiguration,8,0,0,0,2,0,2,0,2,0
Products,ar.edu.um.products.config,LocaleConfiguration,24,0,0,0,8,0,3,0,3,0
Products,ar.edu.um.products.config,DatabaseConfiguration,50,0,4,0,14,0,5,0,3,0
Products,ar.edu.um.products.config,ApplicationProperties,3,0,0,0,1,0,1,0,1,0
Products,ar.edu.um.products.config,DateTimeFormatConfiguration,14,0,0,0,5,0,2,0,2,0
