<?xml version="1.0" encoding="UTF-8"?>
<testsuite xmlns:xsi="http://www.w3.org/2001/XMLSchema-instance" xsi:noNamespaceSchemaLocation="https://maven.apache.org/surefire/maven-failsafe-plugin/xsd/failsafe-test-report-3.0.xsd" version="3.0" name="ar.edu.um.products.web.rest.DistributorResourceIT" time="0.195" tests="17" errors="0" skipped="0" failures="4">
  <properties>
[...]
</properties>
  <testcase name="getAllDistributors" classname="ar.edu.um.products.web.rest.DistributorResourceIT" time="0.023">
    <failure type="java.lang.AssertionError"><![CDATA[java.lang.AssertionError: 
JSON path "$.[*].isEnabled"
Expected: a collection containing <false>
     but: was empty
	at ar.edu.um.products.web.rest.DistributorResourceIT.getAllDistributors(DistributorResourceIT.java:186)
]]></failure>
    <system-out><![CDATA[
MockHttpServletRequest:
      HTTP Method = GET
      Request URI = /api/distributors
       Parameters = {sort=[id,desc]}
          Headers = []
             Body = null
    Session Attrs = {}

Handler:
             Type = ar.edu.um.products.web.rest.DistributorResource
           Method = ar.edu.um.products.web.rest.DistributorResource#getAllDistributors()

Async:
    Async started = false
     Async result = null

Resolved Exception:
             Type = null

ModelAndView:
        View name = null
             View = null
            Model = null

FlashMap:
       Attributes = null

MockHttpServletResponse:
           Status = 200
    Error message = null
          Headers = [Vary:"Origin", "Access-Control-Request-Method", "Access-Control-Request-Headers", Content-Type:"application/json", X-Content-Type-Options:"nosniff", X-XSS-Protection:"1; mode=block", Cache-Control:"no-cache, no-store, max-age=0, must-revalidate", Pragma:"no-cache", Expires:"0", X-Frame-Options:"DENY", Content-Security-Policy:"default-src 'self'; frame-src 'self' data:; script-src 'self' 'unsafe-inline' 'unsafe-eval' https://storage.googleapis.com; style-src 'self' 'unsafe-inline'; img-src 'self' data:; font-src 'self' data:", Referrer-Policy:"strict-origin-when-cross-origin", Permissions-Policy:"camera=(), fullscreen=(self), geolocation=(), gyroscope=(), magnetometer=(), microphone=(), midi=(), payment=(), sync-xhr=()"]
     Content type = application/json
             Body = [{"id":1,"name":"AAAAAAAAAA","description":"AAAAAAAAAA"}]
    Forwarded URL = null
   Redirected URL = null
          Cookies = []
]]></system-out>
  </testcase>
  <testcase name="partialUpdateDistributorWithPatch" classname="ar.edu.um.products.web.rest.DistributorResourceIT" time="0.02"/>
  <testcase name="patchWithMissingIdPathParamDistributor" classname="ar.edu.um.products.web.rest.DistributorResourceIT" time="0.01">
    <system-out><![CDATA[2021-11-03 01:06:23.020  WARN 6250 --- [           main] o.z.problem.spring.common.AdviceTraits   : Method Not Allowed: Request method 'PATCH' not supported
]]></system-out>
  </testcase>
  <testcase name="patchWithIdMismatchDistributor" classname="ar.edu.um.products.web.rest.DistributorResourceIT" time="0.01">
    <system-out><![CDATA[2021-11-03 01:06:23.028 ERROR 6250 --- [           main] tech.jhipster.web.util.HeaderUtil        : Entity processing failed, Invalid ID
2021-11-03 01:06:23.029  WARN 6250 --- [           main] o.z.problem.spring.common.AdviceTraits   : Bad Request: Invalid ID
]]></system-out>
  </testcase>
  <testcase name="getNonExistingDistributor" classname="ar.edu.um.products.web.rest.DistributorResourceIT" time="0.009">
    <system-out><![CDATA[2021-11-03 01:06:23.041  WARN 6250 --- [           main] o.z.problem.spring.common.AdviceTraits   : Not Found: 404 NOT_FOUND
]]></system-out>
  </testcase>
  <testcase name="fullUpdateDistributorWithPatch" classname="ar.edu.um.products.web.rest.DistributorResourceIT" time="0.01"/>
  <testcase name="patchNonExistingDistributor" classname="ar.edu.um.products.web.rest.DistributorResourceIT" time="0.008">
    <system-out><![CDATA[2021-11-03 01:06:23.059 ERROR 6250 --- [           main] tech.jhipster.web.util.HeaderUtil        : Entity processing failed, Entity not found
2021-11-03 01:06:23.060  WARN 6250 --- [           main] o.z.problem.spring.common.AdviceTraits   : Bad Request: Entity not found
]]></system-out>
  </testcase>
  <testcase name="putWithMissingIdPathParamDistributor" classname="ar.edu.um.products.web.rest.DistributorResourceIT" time="0.007">
    <system-out><![CDATA[2021-11-03 01:06:23.067  WARN 6250 --- [           main] o.z.problem.spring.common.AdviceTraits   : Method Not Allowed: Request method 'PUT' not supported
]]></system-out>
  </testcase>
  <testcase name="createDistributorWithExistingId" classname="ar.edu.um.products.web.rest.DistributorResourceIT" time="0.012">
    <system-out><![CDATA[2021-11-03 01:06:23.078  WARN 6250 --- [           main] o.z.problem.spring.common.AdviceTraits   : Bad Request: Validation failed for argument [0] in public org.springframework.http.ResponseEntity<ar.edu.um.products.service.dto.DistributorDTO> ar.edu.um.products.web.rest.DistributorResource.createDistributor(ar.edu.um.products.service.dto.DistributorDTO) throws java.net.URISyntaxException: [Field error in object 'distributorDTO' on field 'isEnabled': rejected value [null]; codes [NotNull.distributorDTO.isEnabled,NotNull.isEnabled,NotNull.java.lang.Boolean,NotNull]; arguments [org.springframework.context.support.DefaultMessageSourceResolvable: codes [distributorDTO.isEnabled,isEnabled]; arguments []; default message [isEnabled]]; default message [isEnabled must be a valid boolean]] 
]]></system-out>
  </testcase>
  <testcase name="getDistributor" classname="ar.edu.um.products.web.rest.DistributorResourceIT" time="0.008">
    <failure type="java.lang.AssertionError"><![CDATA[java.lang.AssertionError: No value at JSON path "$.isEnabled"
	at ar.edu.um.products.web.rest.DistributorResourceIT.getDistributor(DistributorResourceIT.java:203)
Caused by: com.jayway.jsonpath.PathNotFoundException: No results for path: $['isEnabled']
	at ar.edu.um.products.web.rest.DistributorResourceIT.getDistributor(DistributorResourceIT.java:203)
]]></failure>
    <system-out><![CDATA[
MockHttpServletRequest:
      HTTP Method = GET
      Request URI = /api/distributors/4
       Parameters = {}
          Headers = []
             Body = null
    Session Attrs = {}

Handler:
             Type = ar.edu.um.products.web.rest.DistributorResource
           Method = ar.edu.um.products.web.rest.DistributorResource#getDistributor(Long)

Async:
    Async started = false
     Async result = null

Resolved Exception:
             Type = null

ModelAndView:
        View name = null
             View = null
            Model = null

FlashMap:
       Attributes = null

MockHttpServletResponse:
           Status = 200
    Error message = null
          Headers = [Vary:"Origin", "Access-Control-Request-Method", "Access-Control-Request-Headers", Content-Type:"application/json", X-Content-Type-Options:"nosniff", X-XSS-Protection:"1; mode=block", Cache-Control:"no-cache, no-store, max-age=0, must-revalidate", Pragma:"no-cache", Expires:"0", X-Frame-Options:"DENY", Content-Security-Policy:"default-src 'self'; frame-src 'self' data:; script-src 'self' 'unsafe-inline' 'unsafe-eval' https://storage.googleapis.com; style-src 'self' 'unsafe-inline'; img-src 'self' data:; font-src 'self' data:", Referrer-Policy:"strict-origin-when-cross-origin", Permissions-Policy:"camera=(), fullscreen=(self), geolocation=(), gyroscope=(), magnetometer=(), microphone=(), midi=(), payment=(), sync-xhr=()"]
     Content type = application/json
             Body = {"id":4,"name":"AAAAAAAAAA","description":"AAAAAAAAAA"}
    Forwarded URL = null
   Redirected URL = null
          Cookies = []
]]></system-out>
  </testcase>
  <testcase name="putNonExistingDistributor" classname="ar.edu.um.products.web.rest.DistributorResourceIT" time="0.008">
    <system-out><![CDATA[2021-11-03 01:06:23.096  WARN 6250 --- [           main] o.z.problem.spring.common.AdviceTraits   : Bad Request: Validation failed for argument [1] in public org.springframework.http.ResponseEntity<ar.edu.um.products.service.dto.DistributorDTO> ar.edu.um.products.web.rest.DistributorResource.updateDistributor(java.lang.Long,ar.edu.um.products.service.dto.DistributorDTO) throws java.net.URISyntaxException: [Field error in object 'distributorDTO' on field 'isEnabled': rejected value [null]; codes [NotNull.distributorDTO.isEnabled,NotNull.isEnabled,NotNull.java.lang.Boolean,NotNull]; arguments [org.springframework.context.support.DefaultMessageSourceResolvable: codes [distributorDTO.isEnabled,isEnabled]; arguments []; default message [isEnabled]]; default message [isEnabled must be a valid boolean]] 
]]></system-out>
  </testcase>
  <testcase name="putWithIdMismatchDistributor" classname="ar.edu.um.products.web.rest.DistributorResourceIT" time="0.007">
    <system-out><![CDATA[2021-11-03 01:06:23.105  WARN 6250 --- [           main] o.z.problem.spring.common.AdviceTraits   : Bad Request: Validation failed for argument [1] in public org.springframework.http.ResponseEntity<ar.edu.um.products.service.dto.DistributorDTO> ar.edu.um.products.web.rest.DistributorResource.updateDistributor(java.lang.Long,ar.edu.um.products.service.dto.DistributorDTO) throws java.net.URISyntaxException: [Field error in object 'distributorDTO' on field 'isEnabled': rejected value [null]; codes [NotNull.distributorDTO.isEnabled,NotNull.isEnabled,NotNull.java.lang.Boolean,NotNull]; arguments [org.springframework.context.support.DefaultMessageSourceResolvable: codes [distributorDTO.isEnabled,isEnabled]; arguments []; default message [isEnabled]]; default message [isEnabled must be a valid boolean]] 
]]></system-out>
  </testcase>
  <testcase name="putNewDistributor" classname="ar.edu.um.products.web.rest.DistributorResourceIT" time="0.01">
    <failure type="java.lang.AssertionError"><![CDATA[java.lang.AssertionError: Status expected:<200> but was:<400>
	at ar.edu.um.products.web.rest.DistributorResourceIT.putNewDistributor(DistributorResourceIT.java:234)
]]></failure>
    <system-out><![CDATA[2021-11-03 01:06:23.116  WARN 6250 --- [           main] o.z.problem.spring.common.AdviceTraits   : Bad Request: Validation failed for argument [1] in public org.springframework.http.ResponseEntity<ar.edu.um.products.service.dto.DistributorDTO> ar.edu.um.products.web.rest.DistributorResource.updateDistributor(java.lang.Long,ar.edu.um.products.service.dto.DistributorDTO) throws java.net.URISyntaxException: [Field error in object 'distributorDTO' on field 'isEnabled': rejected value [null]; codes [NotNull.distributorDTO.isEnabled,NotNull.isEnabled,NotNull.java.lang.Boolean,NotNull]; arguments [org.springframework.context.support.DefaultMessageSourceResolvable: codes [distributorDTO.isEnabled,isEnabled]; arguments []; default message [isEnabled]]; default message [isEnabled must be a valid boolean]] 

MockHttpServletRequest:
      HTTP Method = PUT
      Request URI = /api/distributors/5
       Parameters = {}
          Headers = [Content-Type:"application/json;charset=UTF-8", Content-Length:"55"]
             Body = {"id":5,"name":"BBBBBBBBBB","description":"BBBBBBBBBB"}
    Session Attrs = {}

Handler:
             Type = ar.edu.um.products.web.rest.DistributorResource
           Method = ar.edu.um.products.web.rest.DistributorResource#updateDistributor(Long, DistributorDTO)

Async:
    Async started = false
     Async result = null

Resolved Exception:
             Type = org.springframework.web.bind.MethodArgumentNotValidException

ModelAndView:
        View name = null
             View = null
            Model = null

FlashMap:
       Attributes = null

MockHttpServletResponse:
           Status = 400
    Error message = null
          Headers = [Vary:"Origin", "Access-Control-Request-Method", "Access-Control-Request-Headers", Content-Type:"application/problem+json", X-Content-Type-Options:"nosniff", X-XSS-Protection:"1; mode=block", Cache-Control:"no-cache, no-store, max-age=0, must-revalidate", Pragma:"no-cache", Expires:"0", X-Frame-Options:"DENY", Content-Security-Policy:"default-src 'self'; frame-src 'self' data:; script-src 'self' 'unsafe-inline' 'unsafe-eval' https://storage.googleapis.com; style-src 'self' 'unsafe-inline'; img-src 'self' data:; font-src 'self' data:", Referrer-Policy:"strict-origin-when-cross-origin", Permissions-Policy:"camera=(), fullscreen=(self), geolocation=(), gyroscope=(), magnetometer=(), microphone=(), midi=(), payment=(), sync-xhr=()"]
     Content type = application/problem+json
             Body = {"type":"https://www.jhipster.tech/problem/constraint-violation","title":"Method argument not valid","status":400,"path":"/api/distributors/5","message":"error.validation","fieldErrors":[{"objectName":"distributor","field":"isEnabled","message":"isEnabled must be a valid boolean"}]}
    Forwarded URL = null
   Redirected URL = null
          Cookies = []
]]></system-out>
  </testcase>
  <testcase name="deleteDistributor" classname="ar.edu.um.products.web.rest.DistributorResourceIT" time="0.01"/>
  <testcase name="checkNameIsRequired" classname="ar.edu.um.products.web.rest.DistributorResourceIT" time="0.006">
    <system-out><![CDATA[2021-11-03 01:06:23.133  WARN 6250 --- [           main] o.z.problem.spring.common.AdviceTraits   : Bad Request: Validation failed for argument [0] in public org.springframework.http.ResponseEntity<ar.edu.um.products.service.dto.DistributorDTO> ar.edu.um.products.web.rest.DistributorResource.createDistributor(ar.edu.um.products.service.dto.DistributorDTO) throws java.net.URISyntaxException with 2 errors: [Field error in object 'distributorDTO' on field 'name': rejected value [null]; codes [NotBlank.distributorDTO.name,NotBlank.name,NotBlank.java.lang.String,NotBlank]; arguments [org.springframework.context.support.DefaultMessageSourceResolvable: codes [distributorDTO.name,name]; arguments []; default message [name]]; default message [product name cannot be empty]] [Field error in object 'distributorDTO' on field 'isEnabled': rejected value [null]; codes [NotNull.distributorDTO.isEnabled,NotNull.isEnabled,NotNull.java.lang.Boolean,NotNull]; arguments [org.springframework.context.support.DefaultMessageSourceResolvable: codes [distributorDTO.isEnabled,isEnabled]; arguments []; default message [isEnabled]]; default message [isEnabled must be a valid boolean]] 
]]></system-out>
  </testcase>
  <testcase name="createDistributor" classname="ar.edu.um.products.web.rest.DistributorResourceIT" time="0.009">
    <failure type="java.lang.AssertionError"><![CDATA[java.lang.AssertionError: Status expected:<201> but was:<400>
	at ar.edu.um.products.web.rest.DistributorResourceIT.createDistributor(DistributorResourceIT.java:100)
]]></failure>
    <system-out><![CDATA[2021-11-03 01:06:23.142  WARN 6250 --- [           main] o.z.problem.spring.common.AdviceTraits   : Bad Request: Validation failed for argument [0] in public org.springframework.http.ResponseEntity<ar.edu.um.products.service.dto.DistributorDTO> ar.edu.um.products.web.rest.DistributorResource.createDistributor(ar.edu.um.products.service.dto.DistributorDTO) throws java.net.URISyntaxException: [Field error in object 'distributorDTO' on field 'isEnabled': rejected value [null]; codes [NotNull.distributorDTO.isEnabled,NotNull.isEnabled,NotNull.java.lang.Boolean,NotNull]; arguments [org.springframework.context.support.DefaultMessageSourceResolvable: codes [distributorDTO.isEnabled,isEnabled]; arguments []; default message [isEnabled]]; default message [isEnabled must be a valid boolean]] 

MockHttpServletRequest:
      HTTP Method = POST
      Request URI = /api/distributors
       Parameters = {}
          Headers = [Content-Type:"application/json;charset=UTF-8", Content-Length:"48"]
             Body = {"name":"AAAAAAAAAA","description":"AAAAAAAAAA"}
    Session Attrs = {}

Handler:
             Type = ar.edu.um.products.web.rest.DistributorResource
           Method = ar.edu.um.products.web.rest.DistributorResource#createDistributor(DistributorDTO)

Async:
    Async started = false
     Async result = null

Resolved Exception:
             Type = org.springframework.web.bind.MethodArgumentNotValidException

ModelAndView:
        View name = null
             View = null
            Model = null

FlashMap:
       Attributes = null

MockHttpServletResponse:
           Status = 400
    Error message = null
          Headers = [Vary:"Origin", "Access-Control-Request-Method", "Access-Control-Request-Headers", Content-Type:"application/problem+json", X-Content-Type-Options:"nosniff", X-XSS-Protection:"1; mode=block", Cache-Control:"no-cache, no-store, max-age=0, must-revalidate", Pragma:"no-cache", Expires:"0", X-Frame-Options:"DENY", Content-Security-Policy:"default-src 'self'; frame-src 'self' data:; script-src 'self' 'unsafe-inline' 'unsafe-eval' https://storage.googleapis.com; style-src 'self' 'unsafe-inline'; img-src 'self' data:; font-src 'self' data:", Referrer-Policy:"strict-origin-when-cross-origin", Permissions-Policy:"camera=(), fullscreen=(self), geolocation=(), gyroscope=(), magnetometer=(), microphone=(), midi=(), payment=(), sync-xhr=()"]
     Content type = application/problem+json
             Body = {"type":"https://www.jhipster.tech/problem/constraint-violation","title":"Method argument not valid","status":400,"path":"/api/distributors","message":"error.validation","fieldErrors":[{"objectName":"distributor","field":"isEnabled","message":"isEnabled must be a valid boolean"}]}
    Forwarded URL = null
   Redirected URL = null
          Cookies = []
]]></system-out>
  </testcase>
  <testcase name="checkIsEnabledIsRequired" classname="ar.edu.um.products.web.rest.DistributorResourceIT" time="0.007">
    <system-out><![CDATA[2021-11-03 01:06:23.152  WARN 6250 --- [           main] o.z.problem.spring.common.AdviceTraits   : Bad Request: Validation failed for argument [0] in public org.springframework.http.ResponseEntity<ar.edu.um.products.service.dto.DistributorDTO> ar.edu.um.products.web.rest.DistributorResource.createDistributor(ar.edu.um.products.service.dto.DistributorDTO) throws java.net.URISyntaxException: [Field error in object 'distributorDTO' on field 'isEnabled': rejected value [null]; codes [NotNull.distributorDTO.isEnabled,NotNull.isEnabled,NotNull.java.lang.Boolean,NotNull]; arguments [org.springframework.context.support.DefaultMessageSourceResolvable: codes [distributorDTO.isEnabled,isEnabled]; arguments []; default message [isEnabled]]; default message [isEnabled must be a valid boolean]] 
]]></system-out>
  </testcase>
</testsuite>